e:\cis565\wavev3\wave-particles-with-interactive-vortices\wpwiv\wpwiv\x64\debug\vc141.pdb
e:\cis565\wavev3\wave-particles-with-interactive-vortices\wpwiv\wpwiv\x64\debug\vc141.idb
e:\cis565\wavev3\wave-particles-with-interactive-vortices\wpwiv\wpwiv\x64\debug\texture.obj
e:\cis565\wavev3\wave-particles-with-interactive-vortices\wpwiv\wpwiv\x64\debug\shader.obj
e:\cis565\wavev3\wave-particles-with-interactive-vortices\wpwiv\wpwiv\x64\debug\scene.obj
e:\cis565\wavev3\wave-particles-with-interactive-vortices\wpwiv\wpwiv\x64\debug\frame.obj
e:\cis565\wavev3\wave-particles-with-interactive-vortices\wpwiv\wpwiv\x64\debug\renderer.obj
e:\cis565\wavev3\wave-particles-with-interactive-vortices\wpwiv\wpwiv\x64\debug\mesh.obj
e:\cis565\wavev3\wave-particles-with-interactive-vortices\wpwiv\wpwiv\x64\debug\main.obj
e:\cis565\wavev3\wave-particles-with-interactive-vortices\wpwiv\wpwiv\x64\debug\imgui_widgets.obj
e:\cis565\wavev3\wave-particles-with-interactive-vortices\wpwiv\wpwiv\x64\debug\imgui_impl_win32.obj
e:\cis565\wavev3\wave-particles-with-interactive-vortices\wpwiv\wpwiv\x64\debug\imgui_impl_dx12.obj
e:\cis565\wavev3\wave-particles-with-interactive-vortices\wpwiv\wpwiv\x64\debug\imgui_draw.obj
e:\cis565\wavev3\wave-particles-with-interactive-vortices\wpwiv\wpwiv\x64\debug\imgui_demo.obj
e:\cis565\wavev3\wave-particles-with-interactive-vortices\wpwiv\wpwiv\x64\debug\imgui.obj
e:\cis565\wavev3\wave-particles-with-interactive-vortices\wpwiv\wpwiv\x64\debug\fluid2d.obj
e:\cis565\wavev3\wave-particles-with-interactive-vortices\wpwiv\wpwiv\x64\debug\camera.obj
e:\cis565\wavev3\wave-particles-with-interactive-vortices\wpwiv\x64\debug\fluidcomputedivergence.cso
e:\cis565\wavev3\wave-particles-with-interactive-vortices\wpwiv\x64\debug\fluidjacobi.cso
e:\cis565\wavev3\wave-particles-with-interactive-vortices\wpwiv\x64\debug\fluidsubtractgradient.cso
e:\cis565\wavev3\wave-particles-with-interactive-vortices\wpwiv\x64\debug\vertexshader.cso
e:\cis565\wavev3\wave-particles-with-interactive-vortices\wpwiv\x64\debug\fluidadvection.cso
e:\cis565\wavev3\wave-particles-with-interactive-vortices\wpwiv\x64\debug\fluidbuoyancy.cso
e:\cis565\wavev3\wave-particles-with-interactive-vortices\wpwiv\x64\debug\fluidsplat.cso
e:\cis565\wavev3\wave-particles-with-interactive-vortices\wpwiv\x64\debug\fluidclear.cso
e:\cis565\wavev3\wave-particles-with-interactive-vortices\wpwiv\x64\debug\fluiddisplay.cso
e:\cis565\wavev4\waveparticle\wpwiv\x64\debug\fluidadvection.cso
e:\cis565\wavev4\waveparticle\wpwiv\x64\debug\fluidbuoyancy.cso
e:\cis565\wavev3\wave-particles-with-interactive-vortices\wpwiv\x64\debug\wpwiv.exe
e:\cis565\wavev3\wave-particles-with-interactive-vortices\wpwiv\x64\debug\wpwiv.ilk
e:\cis565\wavev3\wave-particles-with-interactive-vortices\wpwiv\x64\debug\wpwiv.pdb
e:\cis565\wavev4\waveparticle\wpwiv\wpwiv\x64\debug\camera.obj
e:\cis565\wavev4\waveparticle\wpwiv\wpwiv\x64\debug\fluid2d.obj
e:\cis565\wavev4\waveparticle\wpwiv\wpwiv\x64\debug\frame.obj
e:\cis565\wavev4\waveparticle\wpwiv\wpwiv\x64\debug\imgui.obj
e:\cis565\wavev4\waveparticle\wpwiv\wpwiv\x64\debug\imgui_demo.obj
e:\cis565\wavev4\waveparticle\wpwiv\wpwiv\x64\debug\imgui_draw.obj
e:\cis565\wavev4\waveparticle\wpwiv\wpwiv\x64\debug\imgui_impl_dx12.obj
e:\cis565\wavev4\waveparticle\wpwiv\wpwiv\x64\debug\imgui_impl_win32.obj
e:\cis565\wavev4\waveparticle\wpwiv\wpwiv\x64\debug\imgui_widgets.obj
e:\cis565\wavev4\waveparticle\wpwiv\wpwiv\x64\debug\main.obj
e:\cis565\wavev4\waveparticle\wpwiv\wpwiv\x64\debug\mesh.obj
e:\cis565\wavev4\waveparticle\wpwiv\wpwiv\x64\debug\renderer.obj
e:\cis565\wavev4\waveparticle\wpwiv\wpwiv\x64\debug\scene.obj
e:\cis565\wavev4\waveparticle\wpwiv\wpwiv\x64\debug\shader.obj
e:\cis565\wavev4\waveparticle\wpwiv\wpwiv\x64\debug\texture.obj
e:\cis565\wavev4\waveparticle\wpwiv\wpwiv\x64\debug\vc141.idb
e:\cis565\wavev4\waveparticle\wpwiv\wpwiv\x64\debug\vc141.pdb
e:\cis565\wavev4\waveparticle\wpwiv\x64\debug\wpwiv.pdb
e:\cis565\wavev4\waveparticle\wpwiv\x64\debug\wpwiv.exe
e:\cis565\wavev4\waveparticle\wpwiv\x64\debug\wpwiv.ilk
e:\cis565\wavev4\waveparticle\wpwiv\wpwiv\x64\debug\wpwiv.tlog\cl.command.1.tlog
e:\cis565\wavev4\waveparticle\wpwiv\wpwiv\x64\debug\wpwiv.tlog\cl.read.1.tlog
e:\cis565\wavev4\waveparticle\wpwiv\wpwiv\x64\debug\wpwiv.tlog\cl.write.1.tlog
e:\cis565\wavev4\waveparticle\wpwiv\wpwiv\x64\debug\wpwiv.tlog\fxc.command.1.tlog
e:\cis565\wavev4\waveparticle\wpwiv\wpwiv\x64\debug\wpwiv.tlog\fxc.read.1.tlog
e:\cis565\wavev4\waveparticle\wpwiv\wpwiv\x64\debug\wpwiv.tlog\fxc.write.1.tlog
e:\cis565\wavev4\waveparticle\wpwiv\wpwiv\x64\debug\wpwiv.tlog\link.command.1.tlog
e:\cis565\wavev4\waveparticle\wpwiv\wpwiv\x64\debug\wpwiv.tlog\link.read.1.tlog
e:\cis565\wavev4\waveparticle\wpwiv\wpwiv\x64\debug\wpwiv.tlog\link.write.1.tlog
